  Background.cpp
  BoxCollider.cpp
  Bullet.cpp
  CowboyP2.cpp
  GameObject.cpp
  Menu.cpp
  Sprite.cpp
  Input.cpp
  main.cpp
  Music.cpp
  Player.cpp
  score.cpp
  Screen.cpp
  Sound.cpp
  Text.cpp
  Timer.cpp
  Vector2D.cpp
  Generating code
  Previous IPDB not found, fall back to full compilation.
  All 192 functions were compiled because no usable IPDB/IOBJ from previous compilation was found.
  Finished generating code
  SDLGameAssignment.vcxproj -> C:\Users\Stt0242\Desktop\SDL2GameAssignment\Release\SDLGameAssignment.exe
